Sender: LSF System <lsfadmin@polus-c2-ib.bmc.hpc.cs.msu.ru>
Subject: Job 655622: <#BSUB -n 1;#BSUB -W 00:15;#BSUB -o bsub-report.out;#BSUB -e bsub-report.err;#BSUB -R "span[hosts=1]";OMP_NUM_THREADS=7 ./main> in cluster <MSUCluster> Exited

Job <#BSUB -n 1;#BSUB -W 00:15;#BSUB -o bsub-report.out;#BSUB -e bsub-report.err;#BSUB -R "span[hosts=1]";OMP_NUM_THREADS=7 ./main> was submitted from host <polus-ib.bmc.hpc.cs.msu.ru> by user <edu-cmc-skpod20-328-16> in cluster <MSUCluster> at Sat Nov 14 23:36:30 2020
Job was executed on host(s) <polus-c2-ib.bmc.hpc.cs.msu.ru>, in queue <short>, as user <edu-cmc-skpod20-328-16> in cluster <MSUCluster> at Sat Nov 14 23:36:30 2020
</home_edu/edu-cmc-skpod20-328/edu-cmc-skpod20-328-16> was used as the home directory.
</home_edu/edu-cmc-skpod20-328/edu-cmc-skpod20-328-16/quick_sort_omp> was used as the working directory.
Started at Sat Nov 14 23:36:30 2020
Terminated at Sat Nov 14 23:36:31 2020
Results reported at Sat Nov 14 23:36:31 2020

Your job looked like:

------------------------------------------------------------
# LSBATCH: User input
#BSUB -n 1
#BSUB -W 00:15
#BSUB -o bsub-report.out
#BSUB -e bsub-report.err
#BSUB -R "span[hosts=1]"
OMP_NUM_THREADS=7 ./main


------------------------------------------------------------

Exited with exit code 134.

Resource usage summary:

    CPU time :                                   0.02 sec.
    Max Memory :                                 1 MB
    Average Memory :                             1.00 MB
    Total Requested Memory :                     -
    Delta Memory :                               -
    Max Swap :                                   -
    Max Processes :                              1
    Max Threads :                                1
    Run time :                                   1 sec.
    Turnaround time :                            1 sec.

The output (if any) follows:



PS:

Read file <bsub-report.err> for stderr output of this job.

Sender: LSF System <lsfadmin@polus-c2-ib.bmc.hpc.cs.msu.ru>
Subject: Job 655647: <#BSUB -n 1;#BSUB -W 00:05;#BSUB -o bsub-report.out;#BSUB -e bsub-report.err;#BSUB -R "span[hosts=1]";OMP_NUM_THREADS=7 ./main 1024> in cluster <MSUCluster> Done

Job <#BSUB -n 1;#BSUB -W 00:05;#BSUB -o bsub-report.out;#BSUB -e bsub-report.err;#BSUB -R "span[hosts=1]";OMP_NUM_THREADS=7 ./main 1024> was submitted from host <polus-ib.bmc.hpc.cs.msu.ru> by user <edu-cmc-skpod20-328-16> in cluster <MSUCluster> at Sat Nov 14 23:48:18 2020
Job was executed on host(s) <polus-c2-ib.bmc.hpc.cs.msu.ru>, in queue <short>, as user <edu-cmc-skpod20-328-16> in cluster <MSUCluster> at Sat Nov 14 23:48:18 2020
</home_edu/edu-cmc-skpod20-328/edu-cmc-skpod20-328-16> was used as the home directory.
</home_edu/edu-cmc-skpod20-328/edu-cmc-skpod20-328-16/quick_sort_omp> was used as the working directory.
Started at Sat Nov 14 23:48:18 2020
Terminated at Sat Nov 14 23:48:24 2020
Results reported at Sat Nov 14 23:48:24 2020

Your job looked like:

------------------------------------------------------------
# LSBATCH: User input
#BSUB -n 1
#BSUB -W 00:05
#BSUB -o bsub-report.out
#BSUB -e bsub-report.err
#BSUB -R "span[hosts=1]"
OMP_NUM_THREADS=7 ./main 1024


------------------------------------------------------------

Successfully completed.

Resource usage summary:

    CPU time :                                   7.15 sec.
    Max Memory :                                 11 MB
    Average Memory :                             7.67 MB
    Total Requested Memory :                     -
    Delta Memory :                               -
    Max Swap :                                   -
    Max Processes :                              4
    Max Threads :                                11
    Run time :                                   7 sec.
    Turnaround time :                            6 sec.

The output (if any) follows:

  0.00085487  0.00093935  0.00090761  0.00176739  0.00257310  0.00572727  0.01222692  0.03211072  0.04931558  0.10038972  0.20293288  0.40091878  0.78953015

PS:

Read file <bsub-report.err> for stderr output of this job.

Sender: LSF System <lsfadmin@polus-c4-ib.bmc.hpc.cs.msu.ru>
Subject: Job 655652: <#BSUB -n 2;#BSUB -W 00:05;#BSUB -o bsub-report.out;#BSUB -e bsub-report.err;#BSUB -R "span[hosts=1]";OMP_NUM_THREADS=15 ./main 1024> in cluster <MSUCluster> Done

Job <#BSUB -n 2;#BSUB -W 00:05;#BSUB -o bsub-report.out;#BSUB -e bsub-report.err;#BSUB -R "span[hosts=1]";OMP_NUM_THREADS=15 ./main 1024> was submitted from host <polus-ib.bmc.hpc.cs.msu.ru> by user <edu-cmc-skpod20-328-16> in cluster <MSUCluster> at Sat Nov 14 23:52:04 2020
Job was executed on host(s) <2*polus-c4-ib.bmc.hpc.cs.msu.ru>, in queue <short>, as user <edu-cmc-skpod20-328-16> in cluster <MSUCluster> at Sat Nov 14 23:52:05 2020
</home_edu/edu-cmc-skpod20-328/edu-cmc-skpod20-328-16> was used as the home directory.
</home_edu/edu-cmc-skpod20-328/edu-cmc-skpod20-328-16/quick_sort_omp> was used as the working directory.
Started at Sat Nov 14 23:52:05 2020
Terminated at Sat Nov 14 23:52:08 2020
Results reported at Sat Nov 14 23:52:08 2020

Your job looked like:

------------------------------------------------------------
# LSBATCH: User input
#BSUB -n 2
#BSUB -W 00:05
#BSUB -o bsub-report.out
#BSUB -e bsub-report.err
#BSUB -R "span[hosts=1]"
OMP_NUM_THREADS=15 ./main 1024


------------------------------------------------------------

Successfully completed.

Resource usage summary:

    CPU time :                                   7.71 sec.
    Max Memory :                                 23 MB
    Average Memory :                             15.67 MB
    Total Requested Memory :                     -
    Delta Memory :                               -
    Max Swap :                                   -
    Max Processes :                              4
    Max Threads :                                19
    Run time :                                   7 sec.
    Turnaround time :                            4 sec.

The output (if any) follows:

  0.00101712  0.00103690  0.00093300  0.00186240  0.00217094  0.00377194  0.00905056  0.01895912  0.03085068  0.06439558  0.11333229  0.25948085  0.51061923

PS:

Read file <bsub-report.err> for stderr output of this job.

Sender: LSF System <lsfadmin@polus-c2-ib.bmc.hpc.cs.msu.ru>
Subject: Job 655654: <#BSUB -n 4;#BSUB -W 00:05;#BSUB -o bsub-report.out;#BSUB -e bsub-report.err;#BSUB -R "span[hosts=1]";OMP_NUM_THREADS=33 ./main 1024> in cluster <MSUCluster> Done

Job <#BSUB -n 4;#BSUB -W 00:05;#BSUB -o bsub-report.out;#BSUB -e bsub-report.err;#BSUB -R "span[hosts=1]";OMP_NUM_THREADS=33 ./main 1024> was submitted from host <polus-ib.bmc.hpc.cs.msu.ru> by user <edu-cmc-skpod20-328-16> in cluster <MSUCluster> at Sat Nov 14 23:53:43 2020
Job was executed on host(s) <4*polus-c2-ib.bmc.hpc.cs.msu.ru>, in queue <short>, as user <edu-cmc-skpod20-328-16> in cluster <MSUCluster> at Sat Nov 14 23:53:43 2020
</home_edu/edu-cmc-skpod20-328/edu-cmc-skpod20-328-16> was used as the home directory.
</home_edu/edu-cmc-skpod20-328/edu-cmc-skpod20-328-16/quick_sort_omp> was used as the working directory.
Started at Sat Nov 14 23:53:43 2020
Terminated at Sat Nov 14 23:53:45 2020
Results reported at Sat Nov 14 23:53:45 2020

Your job looked like:

------------------------------------------------------------
# LSBATCH: User input
#BSUB -n 4
#BSUB -W 00:05
#BSUB -o bsub-report.out
#BSUB -e bsub-report.err
#BSUB -R "span[hosts=1]"
OMP_NUM_THREADS=33 ./main 1024


------------------------------------------------------------

Successfully completed.

Resource usage summary:

    CPU time :                                   13.20 sec.
    Max Memory :                                 25 MB
    Average Memory :                             17.00 MB
    Total Requested Memory :                     -
    Delta Memory :                               -
    Max Swap :                                   -
    Max Processes :                              4
    Max Threads :                                37
    Run time :                                   8 sec.
    Turnaround time :                            2 sec.

The output (if any) follows:

  0.00148183  0.00116076  0.00145330  0.00251899  0.00269982  0.00397353  0.00989717  0.01969510  0.03086158  0.05789086  0.10315120  0.20788001  0.46478518

PS:

Read file <bsub-report.err> for stderr output of this job.

Sender: LSF System <lsfadmin@polus-c2-ib.bmc.hpc.cs.msu.ru>
Subject: Job 655658: <#BSUB -n 6;#BSUB -W 00:05;#BSUB -o bsub-report.out;#BSUB -e bsub-report.err;#BSUB -R "span[hosts=1]";OMP_NUM_THREADS=47 ./main 1024> in cluster <MSUCluster> Done

Job <#BSUB -n 6;#BSUB -W 00:05;#BSUB -o bsub-report.out;#BSUB -e bsub-report.err;#BSUB -R "span[hosts=1]";OMP_NUM_THREADS=47 ./main 1024> was submitted from host <polus-ib.bmc.hpc.cs.msu.ru> by user <edu-cmc-skpod20-328-16> in cluster <MSUCluster> at Sat Nov 14 23:55:30 2020
Job was executed on host(s) <6*polus-c2-ib.bmc.hpc.cs.msu.ru>, in queue <short>, as user <edu-cmc-skpod20-328-16> in cluster <MSUCluster> at Sat Nov 14 23:55:30 2020
</home_edu/edu-cmc-skpod20-328/edu-cmc-skpod20-328-16> was used as the home directory.
</home_edu/edu-cmc-skpod20-328/edu-cmc-skpod20-328-16/quick_sort_omp> was used as the working directory.
Started at Sat Nov 14 23:55:30 2020
Terminated at Sat Nov 14 23:55:34 2020
Results reported at Sat Nov 14 23:55:34 2020

Your job looked like:

------------------------------------------------------------
# LSBATCH: User input
#BSUB -n 6
#BSUB -W 00:05
#BSUB -o bsub-report.out
#BSUB -e bsub-report.err
#BSUB -R "span[hosts=1]"
OMP_NUM_THREADS=47 ./main 1024


------------------------------------------------------------

Successfully completed.

Resource usage summary:

    CPU time :                                   22.04 sec.
    Max Memory :                                 15 MB
    Average Memory :                             11.33 MB
    Total Requested Memory :                     -
    Delta Memory :                               -
    Max Swap :                                   -
    Max Processes :                              4
    Max Threads :                                51
    Run time :                                   9 sec.
    Turnaround time :                            4 sec.

The output (if any) follows:

  0.00246357  0.00278413  0.00180540  0.00375366  0.00347837  0.00504656  0.01232872  0.02250490  0.03312656  0.06230674  0.11041007  0.22369880  0.45073999

PS:

Read file <bsub-report.err> for stderr output of this job.

Sender: LSF System <lsfadmin@polus-c4-ib.bmc.hpc.cs.msu.ru>
Subject: Job 655660: <#BSUB -n 8;#BSUB -W 00:05;#BSUB -o bsub-report.out;#BSUB -e bsub-report.err;#BSUB -R "span[hosts=1]";OMP_NUM_THREADS=63 ./main 1024> in cluster <MSUCluster> Done

Job <#BSUB -n 8;#BSUB -W 00:05;#BSUB -o bsub-report.out;#BSUB -e bsub-report.err;#BSUB -R "span[hosts=1]";OMP_NUM_THREADS=63 ./main 1024> was submitted from host <polus-ib.bmc.hpc.cs.msu.ru> by user <edu-cmc-skpod20-328-16> in cluster <MSUCluster> at Sat Nov 14 23:57:13 2020
Job was executed on host(s) <8*polus-c4-ib.bmc.hpc.cs.msu.ru>, in queue <short>, as user <edu-cmc-skpod20-328-16> in cluster <MSUCluster> at Sat Nov 14 23:57:13 2020
</home_edu/edu-cmc-skpod20-328/edu-cmc-skpod20-328-16> was used as the home directory.
</home_edu/edu-cmc-skpod20-328/edu-cmc-skpod20-328-16/quick_sort_omp> was used as the working directory.
Started at Sat Nov 14 23:57:13 2020
Terminated at Sat Nov 14 23:57:15 2020
Results reported at Sat Nov 14 23:57:15 2020

Your job looked like:

------------------------------------------------------------
# LSBATCH: User input
#BSUB -n 8
#BSUB -W 00:05
#BSUB -o bsub-report.out
#BSUB -e bsub-report.err
#BSUB -R "span[hosts=1]"
OMP_NUM_THREADS=63 ./main 1024


------------------------------------------------------------

Successfully completed.

Resource usage summary:

    CPU time :                                   26.34 sec.
    Max Memory :                                 29 MB
    Average Memory :                             19.67 MB
    Total Requested Memory :                     -
    Delta Memory :                               -
    Max Swap :                                   -
    Max Processes :                              4
    Max Threads :                                67
    Run time :                                   7 sec.
    Turnaround time :                            2 sec.

The output (if any) follows:

  0.00219592  0.00151782  0.00192172  0.00341496  0.00337269  0.00488722  0.01321921  0.02202989  0.03121409  0.05859917  0.10584895  0.20352311  0.44407539

PS:

Read file <bsub-report.err> for stderr output of this job.

Sender: LSF System <lsfadmin@polus-c2-ib.bmc.hpc.cs.msu.ru>
Subject: Job 655662: <#BSUB -n 10;#BSUB -W 00:05;#BSUB -o bsub-report.out;#BSUB -e bsub-report.err;#BSUB -R "span[hosts=1]";OMP_NUM_THREADS=79 ./main 1024> in cluster <MSUCluster> Done

Job <#BSUB -n 10;#BSUB -W 00:05;#BSUB -o bsub-report.out;#BSUB -e bsub-report.err;#BSUB -R "span[hosts=1]";OMP_NUM_THREADS=79 ./main 1024> was submitted from host <polus-ib.bmc.hpc.cs.msu.ru> by user <edu-cmc-skpod20-328-16> in cluster <MSUCluster> at Sat Nov 14 23:58:47 2020
Job was executed on host(s) <10*polus-c2-ib.bmc.hpc.cs.msu.ru>, in queue <short>, as user <edu-cmc-skpod20-328-16> in cluster <MSUCluster> at Sat Nov 14 23:58:48 2020
</home_edu/edu-cmc-skpod20-328/edu-cmc-skpod20-328-16> was used as the home directory.
</home_edu/edu-cmc-skpod20-328/edu-cmc-skpod20-328-16/quick_sort_omp> was used as the working directory.
Started at Sat Nov 14 23:58:48 2020
Terminated at Sat Nov 14 23:58:55 2020
Results reported at Sat Nov 14 23:58:55 2020

Your job looked like:

------------------------------------------------------------
# LSBATCH: User input
#BSUB -n 10
#BSUB -W 00:05
#BSUB -o bsub-report.out
#BSUB -e bsub-report.err
#BSUB -R "span[hosts=1]"
OMP_NUM_THREADS=79 ./main 1024


------------------------------------------------------------

Successfully completed.

Resource usage summary:

    CPU time :                                   37.52 sec.
    Max Memory :                                 47 MB
    Average Memory :                             31.67 MB
    Total Requested Memory :                     -
    Delta Memory :                               -
    Max Swap :                                   -
    Max Processes :                              4
    Max Threads :                                83
    Run time :                                   7 sec.
    Turnaround time :                            8 sec.

The output (if any) follows:

  0.00316675  0.00403238  0.00376237  0.00451206  0.00582960  0.00855919  0.01430999  0.02591847  0.03746176  0.07282868  0.12204868  0.23368671  0.51146420

PS:

Read file <bsub-report.err> for stderr output of this job.

Sender: LSF System <lsfadmin@polus-c4-ib.bmc.hpc.cs.msu.ru>
Subject: Job 655669: <#BSUB -n 1;#BSUB -W 00:05;#BSUB -o bsub-report.out;#BSUB -e bsub-report.err;#BSUB -R "span[hosts=1]";./main 1024> in cluster <MSUCluster> Done

Job <#BSUB -n 1;#BSUB -W 00:05;#BSUB -o bsub-report.out;#BSUB -e bsub-report.err;#BSUB -R "span[hosts=1]";./main 1024> was submitted from host <polus-ib.bmc.hpc.cs.msu.ru> by user <edu-cmc-skpod20-328-16> in cluster <MSUCluster> at Sun Nov 15 00:02:38 2020
Job was executed on host(s) <polus-c4-ib.bmc.hpc.cs.msu.ru>, in queue <short>, as user <edu-cmc-skpod20-328-16> in cluster <MSUCluster> at Sun Nov 15 00:02:39 2020
</home_edu/edu-cmc-skpod20-328/edu-cmc-skpod20-328-16> was used as the home directory.
</home_edu/edu-cmc-skpod20-328/edu-cmc-skpod20-328-16/quick_sort_omp> was used as the working directory.
Started at Sun Nov 15 00:02:39 2020
Terminated at Sun Nov 15 00:02:42 2020
Results reported at Sun Nov 15 00:02:42 2020

Your job looked like:

------------------------------------------------------------
# LSBATCH: User input
#BSUB -n 1
#BSUB -W 00:05
#BSUB -o bsub-report.out
#BSUB -e bsub-report.err
#BSUB -R "span[hosts=1]"
./main 1024


------------------------------------------------------------

Successfully completed.

Resource usage summary:

    CPU time :                                   72.74 sec.
    Max Memory :                                 40 MB
    Average Memory :                             27.00 MB
    Total Requested Memory :                     -
    Delta Memory :                               -
    Max Swap :                                   -
    Max Processes :                              4
    Max Threads :                                164
    Run time :                                   2 sec.
    Turnaround time :                            4 sec.

The output (if any) follows:

  0.00683647  0.00520302  0.00523545  0.00694867  0.00678031  0.01203301  0.02359691  0.02897028  0.04115832  0.08432002  0.13291056  0.24534664  0.57047879

PS:

Read file <bsub-report.err> for stderr output of this job.

Sender: LSF System <lsfadmin@polus-c2-ib.bmc.hpc.cs.msu.ru>
Subject: Job 655667: <#BSUB -n 12;#BSUB -W 00:05;#BSUB -o bsub-report.out;#BSUB -e bsub-report.err;#BSUB -R "span[hosts=1]";OMP_NUM_THREADS=95 ./main 1024> in cluster <MSUCluster> Exited

Job <#BSUB -n 12;#BSUB -W 00:05;#BSUB -o bsub-report.out;#BSUB -e bsub-report.err;#BSUB -R "span[hosts=1]";OMP_NUM_THREADS=95 ./main 1024> was submitted from host <polus-ib.bmc.hpc.cs.msu.ru> by user <edu-cmc-skpod20-328-16> in cluster <MSUCluster> at Sun Nov 15 00:01:13 2020
Job was executed on host(s) <12*polus-c2-ib.bmc.hpc.cs.msu.ru>, in queue <short>, as user <edu-cmc-skpod20-328-16> in cluster <MSUCluster> at Sun Nov 15 00:05:16 2020
</home_edu/edu-cmc-skpod20-328/edu-cmc-skpod20-328-16> was used as the home directory.
</home_edu/edu-cmc-skpod20-328/edu-cmc-skpod20-328-16/quick_sort_omp> was used as the working directory.
Started at Sun Nov 15 00:05:16 2020
Terminated at Sun Nov 15 00:05:17 2020
Results reported at Sun Nov 15 00:05:17 2020

Your job looked like:

------------------------------------------------------------
# LSBATCH: User input
#BSUB -n 12
#BSUB -W 00:05
#BSUB -o bsub-report.out
#BSUB -e bsub-report.err
#BSUB -R "span[hosts=1]"
OMP_NUM_THREADS=95 ./main 1024


------------------------------------------------------------

TERM_OWNER: job killed by owner.
Exited with exit code 130.

Resource usage summary:

    CPU time :                                   1.95 sec.
    Max Memory :                                 16 MB
    Average Memory :                             11.00 MB
    Total Requested Memory :                     -
    Delta Memory :                               -
    Max Swap :                                   -
    Max Processes :                              4
    Max Threads :                                99
    Run time :                                   1 sec.
    Turnaround time :                            244 sec.

The output (if any) follows:



PS:

Read file <bsub-report.err> for stderr output of this job.

Sender: LSF System <lsfadmin@polus-c1-ib.bmc.hpc.cs.msu.ru>
Subject: Job 655672: <#BSUB -n 2;#BSUB -W 00:05;#BSUB -o bsub-report.out;#BSUB -e bsub-report.err;#BSUB -R "span[hosts=1]";./main 1024> in cluster <MSUCluster> Done

Job <#BSUB -n 2;#BSUB -W 00:05;#BSUB -o bsub-report.out;#BSUB -e bsub-report.err;#BSUB -R "span[hosts=1]";./main 1024> was submitted from host <polus-ib.bmc.hpc.cs.msu.ru> by user <edu-cmc-skpod20-328-16> in cluster <MSUCluster> at Sun Nov 15 00:06:09 2020
Job was executed on host(s) <2*polus-c1-ib.bmc.hpc.cs.msu.ru>, in queue <short>, as user <edu-cmc-skpod20-328-16> in cluster <MSUCluster> at Sun Nov 15 00:06:11 2020
</home_edu/edu-cmc-skpod20-328/edu-cmc-skpod20-328-16> was used as the home directory.
</home_edu/edu-cmc-skpod20-328/edu-cmc-skpod20-328-16/quick_sort_omp> was used as the working directory.
Started at Sun Nov 15 00:06:11 2020
Terminated at Sun Nov 15 00:06:13 2020
Results reported at Sun Nov 15 00:06:13 2020

Your job looked like:

------------------------------------------------------------
# LSBATCH: User input
#BSUB -n 2
#BSUB -W 00:05
#BSUB -o bsub-report.out
#BSUB -e bsub-report.err
#BSUB -R "span[hosts=1]"
./main 1024


------------------------------------------------------------

Successfully completed.

Resource usage summary:

    CPU time :                                   75.07 sec.
    Max Memory :                                 39 MB
    Average Memory :                             26.33 MB
    Total Requested Memory :                     -
    Delta Memory :                               -
    Max Swap :                                   -
    Max Processes :                              4
    Max Threads :                                164
    Run time :                                   9 sec.
    Turnaround time :                            4 sec.

The output (if any) follows:

  0.00601364  0.00579895  0.00371986  0.00475752  0.00667125  0.01060127  0.01967200  0.03851970  0.04395239  0.07367082  0.13851685  0.24831402  0.55157932

PS:

Read file <bsub-report.err> for stderr output of this job.

Sender: LSF System <lsfadmin@polus-c1-ib.bmc.hpc.cs.msu.ru>
Subject: Job 655676: <#BSUB -n 4;#BSUB -W 00:01;#BSUB -o bsub-report.out;#BSUB -e bsub-report.err;#BSUB -R "span[hosts=1]";./main 1024> in cluster <MSUCluster> Done

Job <#BSUB -n 4;#BSUB -W 00:01;#BSUB -o bsub-report.out;#BSUB -e bsub-report.err;#BSUB -R "span[hosts=1]";./main 1024> was submitted from host <polus-ib.bmc.hpc.cs.msu.ru> by user <edu-cmc-skpod20-328-16> in cluster <MSUCluster> at Sun Nov 15 00:08:11 2020
Job was executed on host(s) <4*polus-c1-ib.bmc.hpc.cs.msu.ru>, in queue <short>, as user <edu-cmc-skpod20-328-16> in cluster <MSUCluster> at Sun Nov 15 00:08:11 2020
</home_edu/edu-cmc-skpod20-328/edu-cmc-skpod20-328-16> was used as the home directory.
</home_edu/edu-cmc-skpod20-328/edu-cmc-skpod20-328-16/quick_sort_omp> was used as the working directory.
Started at Sun Nov 15 00:08:11 2020
Terminated at Sun Nov 15 00:08:14 2020
Results reported at Sun Nov 15 00:08:14 2020

Your job looked like:

------------------------------------------------------------
# LSBATCH: User input
#BSUB -n 4
#BSUB -W 00:01
#BSUB -o bsub-report.out
#BSUB -e bsub-report.err
#BSUB -R "span[hosts=1]"
./main 1024


------------------------------------------------------------

Successfully completed.

Resource usage summary:

    CPU time :                                   73.32 sec.
    Max Memory :                                 37 MB
    Average Memory :                             25.00 MB
    Total Requested Memory :                     -
    Delta Memory :                               -
    Max Swap :                                   -
    Max Processes :                              4
    Max Threads :                                164
    Run time :                                   3 sec.
    Turnaround time :                            3 sec.

The output (if any) follows:

  0.00567241  0.00443692  0.00449392  0.00609240  0.00885613  0.00782344  0.01738339  0.02902998  0.04228972  0.08504120  0.12785309  0.25731753  0.57828454

PS:

Read file <bsub-report.err> for stderr output of this job.

Sender: LSF System <lsfadmin@polus-c2-ib.bmc.hpc.cs.msu.ru>
Subject: Job 655678: <#BSUB -n 6;#BSUB -W 00:01;#BSUB -o bsub-report.out;#BSUB -e bsub-report.err;#BSUB -R "span[hosts=1]";./main 1024> in cluster <MSUCluster> Done

Job <#BSUB -n 6;#BSUB -W 00:01;#BSUB -o bsub-report.out;#BSUB -e bsub-report.err;#BSUB -R "span[hosts=1]";./main 1024> was submitted from host <polus-ib.bmc.hpc.cs.msu.ru> by user <edu-cmc-skpod20-328-16> in cluster <MSUCluster> at Sun Nov 15 00:10:11 2020
Job was executed on host(s) <6*polus-c2-ib.bmc.hpc.cs.msu.ru>, in queue <short>, as user <edu-cmc-skpod20-328-16> in cluster <MSUCluster> at Sun Nov 15 00:10:12 2020
</home_edu/edu-cmc-skpod20-328/edu-cmc-skpod20-328-16> was used as the home directory.
</home_edu/edu-cmc-skpod20-328/edu-cmc-skpod20-328-16/quick_sort_omp> was used as the working directory.
Started at Sun Nov 15 00:10:12 2020
Terminated at Sun Nov 15 00:10:14 2020
Results reported at Sun Nov 15 00:10:14 2020

Your job looked like:

------------------------------------------------------------
# LSBATCH: User input
#BSUB -n 6
#BSUB -W 00:01
#BSUB -o bsub-report.out
#BSUB -e bsub-report.err
#BSUB -R "span[hosts=1]"
./main 1024


------------------------------------------------------------

Successfully completed.

Resource usage summary:

    CPU time :                                   69.17 sec.
    Max Memory :                                 41 MB
    Average Memory :                             27.67 MB
    Total Requested Memory :                     -
    Delta Memory :                               -
    Max Swap :                                   -
    Max Processes :                              4
    Max Threads :                                164
    Run time :                                   3 sec.
    Turnaround time :                            3 sec.

The output (if any) follows:

  0.00874798  0.00804322  0.00664150  0.00736732  0.00805634  0.00931883  0.01763937  0.03133934  0.03837548  0.07681058  0.11680182  0.23568826  0.56523316

PS:

Read file <bsub-report.err> for stderr output of this job.

Sender: LSF System <lsfadmin@polus-c4-ib.bmc.hpc.cs.msu.ru>
Subject: Job 655679: <#BSUB -n 8;#BSUB -W 00:01;#BSUB -o bsub-report.out;#BSUB -e bsub-report.err;#BSUB -R "span[hosts=1]";./main 1024> in cluster <MSUCluster> Done

Job <#BSUB -n 8;#BSUB -W 00:01;#BSUB -o bsub-report.out;#BSUB -e bsub-report.err;#BSUB -R "span[hosts=1]";./main 1024> was submitted from host <polus-ib.bmc.hpc.cs.msu.ru> by user <edu-cmc-skpod20-328-16> in cluster <MSUCluster> at Sun Nov 15 00:11:44 2020
Job was executed on host(s) <8*polus-c4-ib.bmc.hpc.cs.msu.ru>, in queue <short>, as user <edu-cmc-skpod20-328-16> in cluster <MSUCluster> at Sun Nov 15 00:11:44 2020
</home_edu/edu-cmc-skpod20-328/edu-cmc-skpod20-328-16> was used as the home directory.
</home_edu/edu-cmc-skpod20-328/edu-cmc-skpod20-328-16/quick_sort_omp> was used as the working directory.
Started at Sun Nov 15 00:11:44 2020
Terminated at Sun Nov 15 00:11:47 2020
Results reported at Sun Nov 15 00:11:47 2020

Your job looked like:

------------------------------------------------------------
# LSBATCH: User input
#BSUB -n 8
#BSUB -W 00:01
#BSUB -o bsub-report.out
#BSUB -e bsub-report.err
#BSUB -R "span[hosts=1]"
./main 1024


------------------------------------------------------------

Successfully completed.

Resource usage summary:

    CPU time :                                   74.89 sec.
    Max Memory :                                 41 MB
    Average Memory :                             27.67 MB
    Total Requested Memory :                     -
    Delta Memory :                               -
    Max Swap :                                   -
    Max Processes :                              4
    Max Threads :                                164
    Run time :                                   9 sec.
    Turnaround time :                            3 sec.

The output (if any) follows:

  0.00596409  0.00588080  0.00381874  0.00658416  0.00600059  0.01350700  0.01742521  0.02847638  0.04122225  0.08224875  0.12932571  0.23829301  0.54501724

PS:

Read file <bsub-report.err> for stderr output of this job.

Sender: LSF System <lsfadmin@polus-c2-ib.bmc.hpc.cs.msu.ru>
Subject: Job 655681: <#BSUB -n 10;#BSUB -W 00:01;#BSUB -o bsub-report.out;#BSUB -e bsub-report.err;#BSUB -R "span[hosts=1]";./main 1024> in cluster <MSUCluster> Done

Job <#BSUB -n 10;#BSUB -W 00:01;#BSUB -o bsub-report.out;#BSUB -e bsub-report.err;#BSUB -R "span[hosts=1]";./main 1024> was submitted from host <polus-ib.bmc.hpc.cs.msu.ru> by user <edu-cmc-skpod20-328-16> in cluster <MSUCluster> at Sun Nov 15 00:13:27 2020
Job was executed on host(s) <10*polus-c2-ib.bmc.hpc.cs.msu.ru>, in queue <short>, as user <edu-cmc-skpod20-328-16> in cluster <MSUCluster> at Sun Nov 15 00:13:28 2020
</home_edu/edu-cmc-skpod20-328/edu-cmc-skpod20-328-16> was used as the home directory.
</home_edu/edu-cmc-skpod20-328/edu-cmc-skpod20-328-16/quick_sort_omp> was used as the working directory.
Started at Sun Nov 15 00:13:28 2020
Terminated at Sun Nov 15 00:13:31 2020
Results reported at Sun Nov 15 00:13:31 2020

Your job looked like:

------------------------------------------------------------
# LSBATCH: User input
#BSUB -n 10
#BSUB -W 00:01
#BSUB -o bsub-report.out
#BSUB -e bsub-report.err
#BSUB -R "span[hosts=1]"
./main 1024


------------------------------------------------------------

Successfully completed.

Resource usage summary:

    CPU time :                                   68.48 sec.
    Max Memory :                                 41 MB
    Average Memory :                             27.67 MB
    Total Requested Memory :                     -
    Delta Memory :                               -
    Max Swap :                                   -
    Max Processes :                              4
    Max Threads :                                164
    Run time :                                   2 sec.
    Turnaround time :                            4 sec.

The output (if any) follows:

  0.00603047  0.00554177  0.00502881  0.00662999  0.00753964  0.01445450  0.01998928  0.02744348  0.04130648  0.06884093  0.12148093  0.24795806  0.50856139

PS:

Read file <bsub-report.err> for stderr output of this job.

Sender: LSF System <lsfadmin@polus-c2-ib.bmc.hpc.cs.msu.ru>
Subject: Job 655682: <#BSUB -n 12;#BSUB -W 00:01;#BSUB -o bsub-report.out;#BSUB -e bsub-report.err;#BSUB -R "span[hosts=1]";./main 1024> in cluster <MSUCluster> Done

Job <#BSUB -n 12;#BSUB -W 00:01;#BSUB -o bsub-report.out;#BSUB -e bsub-report.err;#BSUB -R "span[hosts=1]";./main 1024> was submitted from host <polus-ib.bmc.hpc.cs.msu.ru> by user <edu-cmc-skpod20-328-16> in cluster <MSUCluster> at Sun Nov 15 00:14:38 2020
Job was executed on host(s) <12*polus-c2-ib.bmc.hpc.cs.msu.ru>, in queue <short>, as user <edu-cmc-skpod20-328-16> in cluster <MSUCluster> at Sun Nov 15 00:14:39 2020
</home_edu/edu-cmc-skpod20-328/edu-cmc-skpod20-328-16> was used as the home directory.
</home_edu/edu-cmc-skpod20-328/edu-cmc-skpod20-328-16/quick_sort_omp> was used as the working directory.
Started at Sun Nov 15 00:14:39 2020
Terminated at Sun Nov 15 00:14:41 2020
Results reported at Sun Nov 15 00:14:41 2020

Your job looked like:

------------------------------------------------------------
# LSBATCH: User input
#BSUB -n 12
#BSUB -W 00:01
#BSUB -o bsub-report.out
#BSUB -e bsub-report.err
#BSUB -R "span[hosts=1]"
./main 1024


------------------------------------------------------------

Successfully completed.

Resource usage summary:

    CPU time :                                   66.73 sec.
    Max Memory :                                 41 MB
    Average Memory :                             27.67 MB
    Total Requested Memory :                     -
    Delta Memory :                               -
    Max Swap :                                   -
    Max Processes :                              4
    Max Threads :                                164
    Run time :                                   2 sec.
    Turnaround time :                            3 sec.

The output (if any) follows:

  0.00551222  0.00689337  0.00387151  0.00715603  0.00914488  0.01260414  0.01977842  0.02712740  0.04207626  0.07185310  0.11949602  0.23069839  0.53436686

PS:

Read file <bsub-report.err> for stderr output of this job.

Sender: LSF System <lsfadmin@polus-c2-ib.bmc.hpc.cs.msu.ru>
Subject: Job 655684: <#BSUB -n 14;#BSUB -W 00:01;#BSUB -o bsub-report.out;#BSUB -e bsub-report.err;#BSUB -R "span[hosts=1]";./main 1024> in cluster <MSUCluster> Done

Job <#BSUB -n 14;#BSUB -W 00:01;#BSUB -o bsub-report.out;#BSUB -e bsub-report.err;#BSUB -R "span[hosts=1]";./main 1024> was submitted from host <polus-ib.bmc.hpc.cs.msu.ru> by user <edu-cmc-skpod20-328-16> in cluster <MSUCluster> at Sun Nov 15 00:15:54 2020
Job was executed on host(s) <14*polus-c2-ib.bmc.hpc.cs.msu.ru>, in queue <short>, as user <edu-cmc-skpod20-328-16> in cluster <MSUCluster> at Sun Nov 15 00:15:54 2020
</home_edu/edu-cmc-skpod20-328/edu-cmc-skpod20-328-16> was used as the home directory.
</home_edu/edu-cmc-skpod20-328/edu-cmc-skpod20-328-16/quick_sort_omp> was used as the working directory.
Started at Sun Nov 15 00:15:54 2020
Terminated at Sun Nov 15 00:15:57 2020
Results reported at Sun Nov 15 00:15:57 2020

Your job looked like:

------------------------------------------------------------
# LSBATCH: User input
#BSUB -n 14
#BSUB -W 00:01
#BSUB -o bsub-report.out
#BSUB -e bsub-report.err
#BSUB -R "span[hosts=1]"
./main 1024


------------------------------------------------------------

Successfully completed.

Resource usage summary:

    CPU time :                                   64.02 sec.
    Max Memory :                                 29 MB
    Average Memory :                             19.67 MB
    Total Requested Memory :                     -
    Delta Memory :                               -
    Max Swap :                                   -
    Max Processes :                              4
    Max Threads :                                164
    Run time :                                   2 sec.
    Turnaround time :                            3 sec.

The output (if any) follows:

  0.00982248  0.00640975  0.00767017  0.00920133  0.00807194  0.01068633  0.01841512  0.02931978  0.04262542  0.07927616  0.15259091  0.22894937  0.52783412

PS:

Read file <bsub-report.err> for stderr output of this job.

Sender: LSF System <lsfadmin@polus-c2-ib.bmc.hpc.cs.msu.ru>
Subject: Job 655686: <#BSUB -n 16;#BSUB -W 00:01;#BSUB -o bsub-report.out;#BSUB -e bsub-report.err;#BSUB -R "span[hosts=1]";./main 1024> in cluster <MSUCluster> Done

Job <#BSUB -n 16;#BSUB -W 00:01;#BSUB -o bsub-report.out;#BSUB -e bsub-report.err;#BSUB -R "span[hosts=1]";./main 1024> was submitted from host <polus-ib.bmc.hpc.cs.msu.ru> by user <edu-cmc-skpod20-328-16> in cluster <MSUCluster> at Sun Nov 15 00:18:00 2020
Job was executed on host(s) <16*polus-c2-ib.bmc.hpc.cs.msu.ru>, in queue <short>, as user <edu-cmc-skpod20-328-16> in cluster <MSUCluster> at Sun Nov 15 00:18:01 2020
</home_edu/edu-cmc-skpod20-328/edu-cmc-skpod20-328-16> was used as the home directory.
</home_edu/edu-cmc-skpod20-328/edu-cmc-skpod20-328-16/quick_sort_omp> was used as the working directory.
Started at Sun Nov 15 00:18:01 2020
Terminated at Sun Nov 15 00:18:04 2020
Results reported at Sun Nov 15 00:18:04 2020

Your job looked like:

------------------------------------------------------------
# LSBATCH: User input
#BSUB -n 16
#BSUB -W 00:01
#BSUB -o bsub-report.out
#BSUB -e bsub-report.err
#BSUB -R "span[hosts=1]"
./main 1024


------------------------------------------------------------

Successfully completed.

Resource usage summary:

    CPU time :                                   66.64 sec.
    Max Memory :                                 41 MB
    Average Memory :                             27.67 MB
    Total Requested Memory :                     -
    Delta Memory :                               -
    Max Swap :                                   -
    Max Processes :                              4
    Max Threads :                                164
    Run time :                                   2 sec.
    Turnaround time :                            4 sec.

The output (if any) follows:

  0.01031471  0.00816569  0.00836431  0.00890552  0.00840635  0.01026719  0.01912186  0.02799953  0.03969601  0.07342237  0.11345705  0.23715011  0.54442282

PS:

Read file <bsub-report.err> for stderr output of this job.

Sender: LSF System <lsfadmin@polus-c2-ib.bmc.hpc.cs.msu.ru>
Subject: Job 655687: <#BSUB -n 18;#BSUB -W 00:01;#BSUB -o bsub-report.out;#BSUB -e bsub-report.err;#BSUB -R "span[hosts=1]";./main 1024> in cluster <MSUCluster> Done

Job <#BSUB -n 18;#BSUB -W 00:01;#BSUB -o bsub-report.out;#BSUB -e bsub-report.err;#BSUB -R "span[hosts=1]";./main 1024> was submitted from host <polus-ib.bmc.hpc.cs.msu.ru> by user <edu-cmc-skpod20-328-16> in cluster <MSUCluster> at Sun Nov 15 00:19:45 2020
Job was executed on host(s) <18*polus-c2-ib.bmc.hpc.cs.msu.ru>, in queue <short>, as user <edu-cmc-skpod20-328-16> in cluster <MSUCluster> at Sun Nov 15 00:19:45 2020
</home_edu/edu-cmc-skpod20-328/edu-cmc-skpod20-328-16> was used as the home directory.
</home_edu/edu-cmc-skpod20-328/edu-cmc-skpod20-328-16/quick_sort_omp> was used as the working directory.
Started at Sun Nov 15 00:19:45 2020
Terminated at Sun Nov 15 00:19:47 2020
Results reported at Sun Nov 15 00:19:47 2020

Your job looked like:

------------------------------------------------------------
# LSBATCH: User input
#BSUB -n 18
#BSUB -W 00:01
#BSUB -o bsub-report.out
#BSUB -e bsub-report.err
#BSUB -R "span[hosts=1]"
./main 1024


------------------------------------------------------------

Successfully completed.

Resource usage summary:

    CPU time :                                   67.10 sec.
    Max Memory :                                 41 MB
    Average Memory :                             27.67 MB
    Total Requested Memory :                     -
    Delta Memory :                               -
    Max Swap :                                   -
    Max Processes :                              4
    Max Threads :                                164
    Run time :                                   2 sec.
    Turnaround time :                            2 sec.

The output (if any) follows:

  0.00806698  0.00413717  0.00634957  0.00605020  0.00856760  0.01203643  0.02383310  0.02787138  0.04193784  0.07280529  0.11784476  0.23100427  0.48310693

PS:

Read file <bsub-report.err> for stderr output of this job.

